<?xml version="1.0" encoding="UTF-8"?>
<!-- Generated by org.testng.reporters.JUnitReportReporter -->
<testsuite hostname="DESKTOP-AN1HL9O" failures="0" tests="1" name="ValidateSumOfCoursesAmt" time="2.554" errors="0" timestamp="31 Aug 2020 11:25:49 GMT">
  <testcase classname="ValidateSumOfCoursesAmt" name="SumOfCoursesAmt" time="2.554"/>
</testsuite> <!-- ValidateSumOfCoursesAmt -->
